<?xml version="1.0" encoding="UTF-8"?>
<testsuite name="com.lastbubble.nikoli.CellTest" tests="5" skipped="0" failures="0" errors="0" timestamp="2018-04-30T03:32:02" hostname="Erics-MacBook-Pro.local" time="0.011">
  <properties/>
  <testcase name="negativeXnotAllowed" classname="com.lastbubble.nikoli.CellTest" time="0.008"/>
  <testcase name="equalsImplemented" classname="com.lastbubble.nikoli.CellTest" time="0.002"/>
  <testcase name="hashCodeImplemented" classname="com.lastbubble.nikoli.CellTest" time="0.001"/>
  <testcase name="assignXandY" classname="com.lastbubble.nikoli.CellTest" time="0.0"/>
  <testcase name="negativeYnotAllowed" classname="com.lastbubble.nikoli.CellTest" time="0.0"/>
  <system-out><![CDATA[]]></system-out>
  <system-err><![CDATA[]]></system-err>
</testsuite>
